<?xml version="1.0" encoding="UTF-8"?>
<testng-results ignored="0" total="2" passed="2" failed="0" skipped="0">
  <reporter-output>
  </reporter-output>
  <suite started-at="2024-10-09T17:22:11 IST" name="Suite" finished-at="2024-10-09T17:22:11 IST" duration-ms="50">
    <groups>
    </groups>
    <test started-at="2024-10-09T17:22:11 IST" name="Test" finished-at="2024-10-09T17:22:11 IST" duration-ms="50">
      <class name="TestNG.SuiteTest">
        <test-method signature="bftestTest()[pri:0, instance:TestNG.SuiteTest@65c7a252]" started-at="2024-10-09T17:22:11 IST" name="bftestTest" finished-at="2024-10-09T17:22:11 IST" duration-ms="10" status="PASS">
          <reporter-output>
          </reporter-output>
        </test-method> <!-- bftestTest -->
      </class> <!-- TestNG.SuiteTest -->
      <class name="TestNG.demo">
        <test-method signature="text()[pri:0, instance:TestNG.demo@3c77d488]" started-at="2024-10-09T17:22:11 IST" name="text" finished-at="2024-10-09T17:22:11 IST" duration-ms="1" status="PASS">
          <reporter-output>
          </reporter-output>
        </test-method> <!-- text -->
        <test-method is-config="true" signature="afazal()[pri:0, instance:TestNG.demo@3c77d488]" started-at="2024-10-09T17:22:11 IST" name="afazal" finished-at="2024-10-09T17:22:11 IST" duration-ms="3" status="PASS">
          <reporter-output>
          </reporter-output>
        </test-method> <!-- afazal -->
      </class> <!-- TestNG.demo -->
    </test> <!-- Test -->
  </suite> <!-- Suite -->
</testng-results>
